Started GET "/messages" for 127.0.0.1 at 2017-10-26 17:53:15 +0300
Processing by MessagesController#index as HTML
  Rendering messages/index.html.erb within layouts/application
  Rendered messages/index.html.erb within layouts/application (0.8ms)
Completed 200 OK in 178ms (Views: 169.0ms)


Started GET "/messages" for 127.0.0.1 at 2017-10-26 17:53:30 +0300
Processing by MessagesController#index as HTML
  Rendering messages/index.html.erb within layouts/application
  Rendered messages/index.html.erb within layouts/application (0.3ms)
Completed 200 OK in 12ms (Views: 10.7ms)


Started GET "/messages" for 127.0.0.1 at 2017-10-26 17:53:31 +0300
Processing by MessagesController#index as HTML
  Rendering messages/index.html.erb within layouts/application
  Rendered messages/index.html.erb within layouts/application (0.3ms)
Completed 200 OK in 13ms (Views: 12.5ms)


Started GET "/messages" for 127.0.0.1 at 2017-10-26 17:54:08 +0300
Processing by MessagesController#index as HTML
  Rendering messages/index.html.erb within layouts/application
  Rendered messages/index.html.erb within layouts/application (0.3ms)
Completed 200 OK in 14ms (Views: 12.9ms)


Started GET "/messages" for 127.0.0.1 at 2017-10-26 17:54:47 +0300
Processing by MessagesController#index as HTML
  Rendering messages/index.html.erb within layouts/application
  Rendered messages/index.html.erb within layouts/application (0.3ms)
Completed 200 OK in 14ms (Views: 13.5ms)


Started GET "/messages" for 127.0.0.1 at 2017-10-26 17:54:47 +0300
Processing by MessagesController#index as HTML
  Rendering messages/index.html.erb within layouts/application
  Rendered messages/index.html.erb within layouts/application (0.3ms)
Completed 200 OK in 12ms (Views: 11.0ms)


Started GET "/messages" for 127.0.0.1 at 2017-10-26 17:54:52 +0300
Processing by MessagesController#index as HTML
  Rendering messages/index.html.erb within layouts/application
  Rendered messages/index.html.erb within layouts/application (0.5ms)
Completed 200 OK in 20ms (Views: 18.2ms)


Started GET "/messages" for 127.0.0.1 at 2017-10-26 17:54:53 +0300
Processing by MessagesController#index as HTML
  Rendering messages/index.html.erb within layouts/application
  Rendered messages/index.html.erb within layouts/application (0.3ms)
Completed 200 OK in 16ms (Views: 15.1ms)


Started GET "/messages" for 127.0.0.1 at 2017-10-26 17:54:53 +0300
Processing by MessagesController#index as HTML
  Rendering messages/index.html.erb within layouts/application
  Rendered messages/index.html.erb within layouts/application (0.5ms)
Completed 200 OK in 21ms (Views: 19.6ms)


Started GET "/messages" for 127.0.0.1 at 2017-10-26 17:54:53 +0300
Processing by MessagesController#index as HTML
  Rendering messages/index.html.erb within layouts/application
  Rendered messages/index.html.erb within layouts/application (0.3ms)
Started GET "/messages" for 127.0.0.1 at 2017-10-26 17:54:53 +0300
Processing by MessagesController#index as HTML
Completed 200 OK in 24ms (Views: 22.7ms)


  Rendering messages/index.html.erb within layouts/application
  Rendered messages/index.html.erb within layouts/application (0.3ms)
Started GET "/messages" for 127.0.0.1 at 2017-10-26 17:54:53 +0300
Processing by MessagesController#index as HTML
Completed 200 OK in 34ms (Views: 28.4ms)


  Rendering messages/index.html.erb within layouts/application
  Rendered messages/index.html.erb within layouts/application (0.3ms)
Started GET "/messages" for 127.0.0.1 at 2017-10-26 17:54:54 +0300
Processing by MessagesController#index as HTML
Completed 200 OK in 40ms (Views: 38.4ms)


  Rendering messages/index.html.erb within layouts/application
  Rendered messages/index.html.erb within layouts/application (0.9ms)
Completed 200 OK in 19ms (Views: 18.5ms)


Started GET "/messages" for 127.0.0.1 at 2017-10-26 17:54:54 +0300
Processing by MessagesController#index as HTML
  Rendering messages/index.html.erb within layouts/application
  Rendered messages/index.html.erb within layouts/application (0.4ms)
Completed 200 OK in 22ms (Views: 20.5ms)


Started GET "/messages" for 127.0.0.1 at 2017-10-26 17:54:54 +0300
Processing by MessagesController#index as HTML
  Rendering messages/index.html.erb within layouts/application
  Rendered messages/index.html.erb within layouts/application (0.3ms)
Completed 200 OK in 22ms (Views: 21.4ms)


Started GET "/messages" for 127.0.0.1 at 2017-10-26 17:54:54 +0300
Processing by MessagesController#index as HTML
  Rendering messages/index.html.erb within layouts/application
  Rendered messages/index.html.erb within layouts/application (0.9ms)
Started GET "/messages" for 127.0.0.1 at 2017-10-26 17:54:54 +0300
Completed 200 OK in 26ms (Views: 24.7ms)


Processing by MessagesController#index as HTML
  Rendering messages/index.html.erb within layouts/application
  Rendered messages/index.html.erb within layouts/application (0.4ms)
Completed 200 OK in 23ms (Views: 22.5ms)


Started GET "/messages" for 127.0.0.1 at 2017-10-26 17:54:54 +0300
Processing by MessagesController#index as HTML
  Rendering messages/index.html.erb within layouts/application
  Rendered messages/index.html.erb within layouts/application (0.8ms)
Completed 200 OK in 14ms (Views: 13.6ms)


Started GET "/messages" for 127.0.0.1 at 2017-10-26 17:54:54 +0300
Processing by MessagesController#index as HTML
  Rendering messages/index.html.erb within layouts/application
  Rendered messages/index.html.erb within layouts/application (0.3ms)
Completed 200 OK in 17ms (Views: 16.0ms)


Started GET "/messages" for 127.0.0.1 at 2017-10-26 17:55:24 +0300
Processing by MessagesController#index as HTML
  Rendering messages/index.html.erb within layouts/application
  Rendered messages/index.html.erb within layouts/application (0.3ms)
Completed 200 OK in 11ms (Views: 10.4ms)


Started GET "/messages" for 127.0.0.1 at 2017-10-26 17:59:07 +0300
Processing by MessagesController#index as HTML
  Rendering messages/index.html.erb within layouts/application
  Rendered messages/index.html.erb within layouts/application (0.8ms)
Completed 200 OK in 161ms (Views: 154.8ms)


Started GET "/messages" for 127.0.0.1 at 2017-10-26 17:59:10 +0300
Processing by MessagesController#index as HTML
  Rendering messages/index.html.erb within layouts/application
  Rendered messages/index.html.erb within layouts/application (0.4ms)
Completed 200 OK in 18ms (Views: 16.8ms)


Started GET "/messages" for 127.0.0.1 at 2017-10-26 18:01:12 +0300
Processing by MessagesController#index as HTML
  Rendering messages/index.html.erb within layouts/application
  Rendered messages/index.html.erb within layouts/application (0.8ms)
Completed 200 OK in 13ms (Views: 11.8ms)


Started GET "/messages" for 127.0.0.1 at 2017-10-26 18:01:14 +0300
Processing by MessagesController#index as HTML
  Rendering messages/index.html.erb within layouts/application
  Rendered messages/index.html.erb within layouts/application (0.3ms)
Completed 200 OK in 12ms (Views: 11.5ms)


Started GET "/messages" for 127.0.0.1 at 2017-10-26 18:01:15 +0300
Processing by MessagesController#index as HTML
  Rendering messages/index.html.erb within layouts/application
  Rendered messages/index.html.erb within layouts/application (0.2ms)
Completed 200 OK in 10ms (Views: 9.1ms)


Started GET "/messages" for 127.0.0.1 at 2017-10-26 18:01:15 +0300
Processing by MessagesController#index as HTML
  Rendering messages/index.html.erb within layouts/application
  Rendered messages/index.html.erb within layouts/application (0.3ms)
Completed 200 OK in 17ms (Views: 15.9ms)


Started GET "/messages" for 127.0.0.1 at 2017-10-26 18:01:16 +0300
Processing by MessagesController#index as HTML
  Rendering messages/index.html.erb within layouts/application
  Rendered messages/index.html.erb within layouts/application (0.4ms)
Completed 200 OK in 26ms (Views: 25.4ms)


Started GET "/messages" for 127.0.0.1 at 2017-10-26 18:01:16 +0300
Processing by MessagesController#index as HTML
  Rendering messages/index.html.erb within layouts/application
  Rendered messages/index.html.erb within layouts/application (1.3ms)
Completed 200 OK in 29ms (Views: 27.7ms)


Started GET "/messages" for 127.0.0.1 at 2017-10-26 18:01:16 +0300
Processing by MessagesController#index as HTML
  Rendering messages/index.html.erb within layouts/application
  Rendered messages/index.html.erb within layouts/application (1.2ms)
Completed 200 OK in 34ms (Views: 30.8ms)


Started GET "/messages" for 127.0.0.1 at 2017-10-26 18:01:17 +0300
Processing by MessagesController#index as HTML
  Rendering messages/index.html.erb within layouts/application
  Rendered messages/index.html.erb within layouts/application (0.8ms)
Completed 200 OK in 20ms (Views: 19.2ms)


Started GET "/messages" for 127.0.0.1 at 2017-10-26 18:01:17 +0300
Processing by MessagesController#index as HTML
  Rendering messages/index.html.erb within layouts/application
  Rendered messages/index.html.erb within layouts/application (0.6ms)
Completed 200 OK in 18ms (Views: 17.7ms)


  [1m[35m (126.6ms)[0m  [1m[35mCREATE TABLE "schema_migrations" ("version" character varying NOT NULL PRIMARY KEY)[0m
  [1m[35m (128.3ms)[0m  [1m[35mCREATE TABLE "ar_internal_metadata" ("key" character varying NOT NULL PRIMARY KEY, "value" character varying, "created_at" timestamp NOT NULL, "updated_at" timestamp NOT NULL)[0m
  [1m[35m (0.1ms)[0m  [1m[34mSELECT pg_try_advisory_lock(928195855926424470)[0m
  [1m[35m (0.3ms)[0m  [1m[34mSELECT "schema_migrations"."version" FROM "schema_migrations" ORDER BY "schema_migrations"."version" ASC[0m
Migrating to CreateMessages (20171027104053)
  [1m[35m (0.1ms)[0m  [1m[35mBEGIN[0m
  [1m[35m (65.9ms)[0m  [1m[35mCREATE TABLE "messages" ("id" bigserial primary key, "created_at" timestamp NOT NULL, "updated_at" timestamp NOT NULL)[0m
  [1m[35mSQL (0.2ms)[0m  [1m[32mINSERT INTO "schema_migrations" ("version") VALUES ($1) RETURNING "version"[0m  [["version", "20171027104053"]]
  [1m[35m (13.3ms)[0m  [1m[35mCOMMIT[0m
  [1m[36mActiveRecord::InternalMetadata Load (0.2ms)[0m  [1m[34mSELECT  "ar_internal_metadata".* FROM "ar_internal_metadata" WHERE "ar_internal_metadata"."key" = $1 LIMIT $2[0m  [["key", "environment"], ["LIMIT", 1]]
  [1m[35m (0.3ms)[0m  [1m[35mBEGIN[0m
  [1m[35mSQL (0.3ms)[0m  [1m[32mINSERT INTO "ar_internal_metadata" ("key", "value", "created_at", "updated_at") VALUES ($1, $2, $3, $4) RETURNING "key"[0m  [["key", "environment"], ["value", "development"], ["created_at", "2017-10-27 10:52:39.187799"], ["updated_at", "2017-10-27 10:52:39.187799"]]
  [1m[35m (4.6ms)[0m  [1m[35mCOMMIT[0m
  [1m[35m (0.2ms)[0m  [1m[34mSELECT pg_advisory_unlock(928195855926424470)[0m
  [1m[35m (0.2ms)[0m  [1m[34mSELECT "schema_migrations"."version" FROM "schema_migrations" ORDER BY "schema_migrations"."version" ASC[0m
